app/build/outputs/logs/manifest-merger-debug-report.txt
-- Merging decision tree log ---
manifest
ADDED from src\main\AndroidManifest.xml:2:1-103:12
INJECTED from src\main\AndroidManifest.xml:2:1-103:12
INJECTED from src\main\AndroidManifest.xml:2:1-103:12
INJECTED from src\main\AndroidManifest.xml:2:1-103:12
MERGED from [com.google.android.material:material:1.0.0] AndroidManifest.xml:17:1-24:12
MERGED from [androidx.appcompat:appcompat:1.0.2] AndroidManifest.xml:17:1-22:12
MERGED from [androidx.constraintlayout:constraintlayout:1.1.3] AndroidManifest.xml:2:1-11:12
MERGED from [com.google.firebase:firebase-core:17.2.1] AndroidManifest.xml:2:1-9:12
MERGED from [com.google.firebase:firebase-auth:19.2.0] AndroidManifest.xml:17:1-42:12
MERGED from [com.google.android.gms:play-services-auth:17.0.0] AndroidManifest.xml:17:1-39:12
MERGED from [com.google.android.gms:play-services-maps:17.0.0] AndroidManifest.xml:17:1-38:12
MERGED from [com.github.bumptech.glide:volley-integration:4.9.0] AndroidManifest.xml:2:1-16:12
MERGED from [com.android.volley:volley:1.1.1] AndroidManifest.xml:2:1-11:12
MERGED from [com.github.bumptech.glide:glide:4.9.0] AndroidManifest.xml:2:1-12:12
MERGED from [com.google.firebase:firebase-ml-vision:24.0.1] AndroidManifest.xml:2:1-18:12
MERGED from [com.google.firebase:firebase-messaging:20.0.0] AndroidManifest.xml:17:1-37:12
MERGED from [androidx.cardview:cardview:1.0.0] AndroidManifest.xml:17:1-22:12
MERGED from [androidx.recyclerview:recyclerview:1.1.0] AndroidManifest.xml:17:1-24:12
MERGED from [androidmads.library.qrgenearator:QRGenearator:1.0.3] AndroidManifest.xml:2:1-16:12
MERGED from [com.google.firebase:firebase-auth-interop:19.0.0] AndroidManifest.xml:2:1-10:12
MERGED from [com.google.android.gms:play-services-auth-api-phone:17.0.0] AndroidManifest.xml:2:1-7:12
MERGED from [com.google.android.gms:play-services-auth-base:17.0.0] AndroidManifest.xml:2:1-7:12
MERGED from [com.google.android.gms:play-services-vision:19.0.0] AndroidManifest.xml:2:1-9:12
MERGED from [com.google.android.gms:play-services-vision-image-label:18.0.1] AndroidManifest.xml:2:1-9:12
MERGED from [com.google.android.gms:play-services-vision-common:19.0.0] AndroidManifest.xml:2:1-9:12
MERGED from [com.google.firebase:firebase-ml-common:22.0.1] AndroidManifest.xml:2:1-17:12
MERGED from [com.google.android.gms:play-services-clearcut:17.0.0] AndroidManifest.xml:17:1-24:12
MERGED from [com.google.android.gms:play-services-flags:17.0.0] AndroidManifest.xml:17:1-22:12
MERGED from [com.google.android.gms:play-services-phenotype:17.0.0] AndroidManifest.xml:17:1-24:12
MERGED from [com.google.firebase:firebase-analytics:17.2.1] AndroidManifest.xml:2:1-9:12
MERGED from [com.google.android.gms:play-services-measurement-api:17.2.1] AndroidManifest.xml:17:1-36:12
MERGED from [com.google.firebase:firebase-iid:20.0.0] AndroidManifest.xml:17:1-47:12
MERGED from [com.google.firebase:firebase-iid-interop:17.0.0] AndroidManifest.xml:2:1-10:12
MERGED from [com.google.android.gms:play-services-base:17.1.0] AndroidManifest.xml:17:1-29:12
MERGED from [com.google.firebase:firebase-common:19.3.0] AndroidManifest.xml:15:1-39:12
MERGED from [com.google.android.gms:play-services-tasks:17.0.0] AndroidManifest.xml:2:1-9:12
MERGED from [com.google.firebase:firebase-measurement-connector:18.0.0] AndroidManifest.xml:17:1-25:12
MERGED from [com.google.android.gms:play-services-measurement:17.2.1] AndroidManifest.xml:17:1-55:12
MERGED from [com.google.android.gms:play-services-measurement-sdk:17.2.1] AndroidManifest.xml:17:1-25:12
MERGED from [com.google.android.gms:play-services-measurement-impl:17.2.1] AndroidManifest.xml:17:1-40:12
MERGED from [com.google.android.gms:play-services-stats:17.0.0] AndroidManifest.xml:2:1-9:12
MERGED from [com.google.android.gms:play-services-measurement-sdk-api:17.2.1] AndroidManifest.xml:17:1-27:12
MERGED from [com.google.android.gms:play-services-measurement-base:17.2.1] AndroidManifest.xml:2:1-9:12
MERGED from [com.google.android.gms:play-services-ads-identifier:17.0.0] AndroidManifest.xml:17:1-24:12
MERGED from [com.google.android.gms:play-services-basement:17.0.0] AndroidManifest.xml:17:1-28:12
MERGED from [androidx.fragment:fragment:1.0.0] AndroidManifest.xml:17:1-22:12
MERGED from [androidx.vectordrawable:vectordrawable-animated:1.0.0] AndroidManifest.xml:17:1-22:12
MERGED from [androidx.legacy:legacy-support-core-ui:1.0.0] AndroidManifest.xml:17:1-22:12
MERGED from [androidx.legacy:legacy-support-core-utils:1.0.0] AndroidManifest.xml:17:1-22:12
MERGED from [androidx.vectordrawable:vectordrawable:1.0.1] AndroidManifest.xml:17:1-22:12
MERGED from [androidx.loader:loader:1.0.0] AndroidManifest.xml:17:1-22:12
MERGED from [androidx.viewpager:viewpager:1.0.0] AndroidManifest.xml:17:1-22:12
MERGED from [androidx.coordinatorlayout:coordinatorlayout:1.0.0] AndroidManifest.xml:17:1-22:12
MERGED from [androidx.drawerlayout:drawerlayout:1.0.0] AndroidManifest.xml:17:1-22:12
MERGED from [androidx.slidingpanelayout:slidingpanelayout:1.0.0] AndroidManifest.xml:17:1-22:12
MERGED from [androidx.customview:customview:1.0.0] AndroidManifest.xml:17:1-22:12
MERGED from [androidx.transition:transition:1.0.0] AndroidManifest.xml:17:1-22:12
MERGED from [androidx.swiperefreshlayout:swiperefreshlayout:1.0.0] AndroidManifest.xml:17:1-22:12
MERGED from [androidx.asynclayoutinflater:asynclayoutinflater:1.0.0] AndroidManifest.xml:17:1-22:12
MERGED from [androidx.core:core:1.1.0] AndroidManifest.xml:17:1-26:12
MERGED from [androidx.versionedparcelable:versionedparcelable:1.1.0] AndroidManifest.xml:17:1-27:12
MERGED from [androidx.cursoradapter:cursoradapter:1.0.0] AndroidManifest.xml:17:1-22:12
MERGED from [androidx.localbroadcastmanager:localbroadcastmanager:1.0.0] AndroidManifest.xml:17:1-22:12
MERGED from [com.google.firebase:firebase-components:16.0.0] AndroidManifest.xml:15:1-23:12
MERGED from [com.github.bumptech.glide:gifdecoder:4.9.0] AndroidManifest.xml:2:1-11:12
MERGED from [androidx.exifinterface:exifinterface:1.0.0] AndroidManifest.xml:17:1-22:12
MERGED from [androidx.documentfile:documentfile:1.0.0] AndroidManifest.xml:17:1-22:12
MERGED from [androidx.print:print:1.0.0] AndroidManifest.xml:17:1-22:12
MERGED from [androidx.lifecycle:lifecycle-viewmodel:2.0.0] AndroidManifest.xml:17:1-22:12
MERGED from [androidx.interpolator:interpolator:1.0.0] AndroidManifest.xml:17:1-22:12
MERGED from [androidx.lifecycle:lifecycle-livedata:2.0.0] AndroidManifest.xml:17:1-22:12
MERGED from [androidx.lifecycle:lifecycle-livedata-core:2.0.0] AndroidManifest.xml:17:1-22:12
MERGED from [androidx.arch.core:core-runtime:2.0.0] AndroidManifest.xml:17:1-22:12
MERGED from [androidx.lifecycle:lifecycle-runtime:2.0.0] AndroidManifest.xml:17:1-22:12
INJECTED from src\main\AndroidManifest.xml:2:1-103:12
INJECTED from src\main\AndroidManifest.xml:2:1-103:12
INJECTED from src\main\AndroidManifest.xml:2:1-103:12
	package
		ADDED from src\main\AndroidManifest.xml:3:5-39
		INJECTED from src\main\AndroidManifest.xml
		INJECTED from src\main\AndroidManifest.xml
	android:versionName
		INJECTED from src\main\AndroidManifest.xml
		ADDED from src\main\AndroidManifest.xml:2:1-103:12
		INJECTED from src\main\AndroidManifest.xml
	android:versionCode
		INJECTED from src\main\AndroidManifest.xml
		ADDED from src\main\AndroidManifest.xml:2:1-103:12
		INJECTED from src\main\AndroidManifest.xml
	xmlns:android
		ADDED from src\main\AndroidManifest.xml:2:11-69
application
ADDED from src\main\AndroidManifest.xml:5:5-92:19
MERGED from [com.google.android.material:material:1.0.0] AndroidManifest.xml:22:5-20
MERGED from [com.google.android.material:material:1.0.0] AndroidManifest.xml:22:5-20
MERGED from [androidx.constraintlayout:constraintlayout:1.1.3] AndroidManifest.xml:9:5-20
MERGED from [androidx.constraintlayout:constraintlayout:1.1.3] AndroidManifest.xml:9:5-20
MERGED from [com.google.firebase:firebase-core:17.2.1] AndroidManifest.xml:7:5-20
MERGED from [com.google.firebase:firebase-core:17.2.1] AndroidManifest.xml:7:5-20
MERGED from [com.google.firebase:firebase-auth:19.2.0] AndroidManifest.xml:23:5-40:19
MERGED from [com.google.firebase:firebase-auth:19.2.0] AndroidManifest.xml:23:5-40:19
MERGED from [com.google.android.gms:play-services-auth:17.0.0] AndroidManifest.xml:22:5-37:19
MERGED from [com.google.android.gms:play-services-auth:17.0.0] AndroidManifest.xml:22:5-37:19
MERGED from [com.google.android.gms:play-services-maps:17.0.0] AndroidManifest.xml:30:5-36:19
MERGED from [com.google.android.gms:play-services-maps:17.0.0] AndroidManifest.xml:30:5-36:19
MERGED from [com.github.bumptech.glide:volley-integration:4.9.0] AndroidManifest.xml:10:5-14:19
MERGED from [com.github.bumptech.glide:volley-integration:4.9.0] AndroidManifest.xml:10:5-14:19
MERGED from [com.android.volley:volley:1.1.1] AndroidManifest.xml:9:5-20
MERGED from [com.android.volley:volley:1.1.1] AndroidManifest.xml:9:5-20
MERGED from [com.github.bumptech.glide:glide:4.9.0] AndroidManifest.xml:10:5-20
MERGED from [com.github.bumptech.glide:glide:4.9.0] AndroidManifest.xml:10:5-20
MERGED from [com.google.firebase:firebase-ml-vision:24.0.1] AndroidManifest.xml:8:5-16:19
MERGED from [com.google.firebase:firebase-ml-vision:24.0.1] AndroidManifest.xml:8:5-16:19
MERGED from [com.google.firebase:firebase-messaging:20.0.0] AndroidManifest.xml:22:5-35:19
MERGED from [com.google.firebase:firebase-messaging:20.0.0] AndroidManifest.xml:22:5-35:19
MERGED from [androidmads.library.qrgenearator:QRGenearator:1.0.3] AndroidManifest.xml:13:5-14:19
MERGED from [androidmads.library.qrgenearator:QRGenearator:1.0.3] AndroidManifest.xml:13:5-14:19
MERGED from [com.google.firebase:firebase-auth-interop:19.0.0] AndroidManifest.xml:7:5-8:19
MERGED from [com.google.firebase:firebase-auth-interop:19.0.0] AndroidManifest.xml:7:5-8:19
MERGED from [com.google.android.gms:play-services-vision:19.0.0] AndroidManifest.xml:7:5-20
MERGED from [com.google.android.gms:play-services-vision:19.0.0] AndroidManifest.xml:7:5-20
MERGED from [com.google.android.gms:play-services-vision-image-label:18.0.1] AndroidManifest.xml:7:5-20
MERGED from [com.google.android.gms:play-services-vision-image-label:18.0.1] AndroidManifest.xml:7:5-20
MERGED from [com.google.android.gms:play-services-vision-common:19.0.0] AndroidManifest.xml:7:5-20
MERGED from [com.google.android.gms:play-services-vision-common:19.0.0] AndroidManifest.xml:7:5-20
MERGED from [com.google.firebase:firebase-ml-common:22.0.1] AndroidManifest.xml:7:5-15:19
MERGED from [com.google.firebase:firebase-ml-common:22.0.1] AndroidManifest.xml:7:5-15:19
MERGED from [com.google.android.gms:play-services-clearcut:17.0.0] AndroidManifest.xml:22:5-20
MERGED from [com.google.android.gms:play-services-clearcut:17.0.0] AndroidManifest.xml:22:5-20
MERGED from [com.google.android.gms:play-services-phenotype:17.0.0] AndroidManifest.xml:22:5-20
MERGED from [com.google.android.gms:play-services-phenotype:17.0.0] AndroidManifest.xml:22:5-20
MERGED from [com.google.firebase:firebase-analytics:17.2.1] AndroidManifest.xml:7:5-20
MERGED from [com.google.firebase:firebase-analytics:17.2.1] AndroidManifest.xml:7:5-20
MERGED from [com.google.android.gms:play-services-measurement-api:17.2.1] AndroidManifest.xml:26:5-34:19
MERGED from [com.google.android.gms:play-services-measurement-api:17.2.1] AndroidManifest.xml:26:5-34:19
MERGED from [com.google.firebase:firebase-iid:20.0.0] AndroidManifest.xml:28:5-45:19
MERGED from [com.google.firebase:firebase-iid:20.0.0] AndroidManifest.xml:28:5-45:19
MERGED from [com.google.firebase:firebase-iid-interop:17.0.0] AndroidManifest.xml:7:5-8:19
MERGED from [com.google.firebase:firebase-iid-interop:17.0.0] AndroidManifest.xml:7:5-8:19
MERGED from [com.google.android.gms:play-services-base:17.1.0] AndroidManifest.xml:22:5-27:19
MERGED from [com.google.android.gms:play-services-base:17.1.0] AndroidManifest.xml:22:5-27:19
MERGED from [com.google.firebase:firebase-common:19.3.0] AndroidManifest.xml:25:5-37:19
MERGED from [com.google.firebase:firebase-common:19.3.0] AndroidManifest.xml:25:5-37:19
MERGED from [com.google.android.gms:play-services-tasks:17.0.0] AndroidManifest.xml:7:5-20
MERGED from [com.google.android.gms:play-services-tasks:17.0.0] AndroidManifest.xml:7:5-20
MERGED from [com.google.firebase:firebase-measurement-connector:18.0.0] AndroidManifest.xml:22:5-23:19
MERGED from [com.google.firebase:firebase-measurement-connector:18.0.0] AndroidManifest.xml:22:5-23:19
MERGED from [com.google.android.gms:play-services-measurement:17.2.1] AndroidManifest.xml:28:5-53:19
MERGED from [com.google.android.gms:play-services-measurement:17.2.1] AndroidManifest.xml:28:5-53:19
MERGED from [com.google.android.gms:play-services-measurement-sdk:17.2.1] AndroidManifest.xml:22:5-23:19
MERGED from [com.google.android.gms:play-services-measurement-sdk:17.2.1] AndroidManifest.xml:22:5-23:19
MERGED from [com.google.android.gms:play-services-measurement-impl:17.2.1] AndroidManifest.xml:28:5-38:19
MERGED from [com.google.android.gms:play-services-measurement-impl:17.2.1] AndroidManifest.xml:28:5-38:19
MERGED from [com.google.android.gms:play-services-stats:17.0.0] AndroidManifest.xml:7:5-20
MERGED from [com.google.android.gms:play-services-stats:17.0.0] AndroidManifest.xml:7:5-20
MERGED from [com.google.android.gms:play-services-measurement-base:17.2.1] AndroidManifest.xml:7:5-20
MERGED from [com.google.android.gms:play-services-measurement-base:17.2.1] AndroidManifest.xml:7:5-20
MERGED from [com.google.android.gms:play-services-ads-identifier:17.0.0] AndroidManifest.xml:22:5-20
MERGED from [com.google.android.gms:play-services-ads-identifier:17.0.0] AndroidManifest.xml:22:5-20
MERGED from [com.google.android.gms:play-services-basement:17.0.0] AndroidManifest.xml:22:5-26:19
MERGED from [com.google.android.gms:play-services-basement:17.0.0] AndroidManifest.xml:22:5-26:19
MERGED from [androidx.core:core:1.1.0] AndroidManifest.xml:24:5-89
MERGED from [androidx.core:core:1.1.0] AndroidManifest.xml:24:5-89
MERGED from [androidx.versionedparcelable:versionedparcelable:1.1.0] AndroidManifest.xml:24:5-25:19
MERGED from [androidx.versionedparcelable:versionedparcelable:1.1.0] AndroidManifest.xml:24:5-25:19
MERGED from [com.github.bumptech.glide:gifdecoder:4.9.0] AndroidManifest.xml:9:5-20
MERGED from [com.github.bumptech.glide:gifdecoder:4.9.0] AndroidManifest.xml:9:5-20
	android:screenOrientation
		ADDED from src\main\AndroidManifest.xml:10:9-45
	android:appComponentFactory
		ADDED from [androidx.core:core:1.1.0] AndroidManifest.xml:24:18-86
	android:supportsRtl
		ADDED from src\main\AndroidManifest.xml:11:9-35
	android:label
		ADDED from src\main\AndroidManifest.xml:8:9-41
	android:roundIcon
		ADDED from src\main\AndroidManifest.xml:9:9-54
	android:icon
		ADDED from src\main\AndroidManifest.xml:7:9-43
	android:allowBackup
		ADDED from src\main\AndroidManifest.xml:6:9-35
	android:theme
		ADDED from src\main\AndroidManifest.xml:12:9-40
activity#com.pontianak.ayampakusu.DetailVouchertukarActivity
ADDED from src\main\AndroidManifest.xml:13:9-73
	android:name
		ADDED from src\main\AndroidManifest.xml:13:19-61
activity#com.pontianak.ayampakusu.NotifikasiActivity
ADDED from src\main\AndroidManifest.xml:14:9-56
	android:name
		ADDED from src\main\AndroidManifest.xml:14:19-53
activity#com.pontianak.ayampakusu.MainActivity
ADDED from src\main\AndroidManifest.xml:15:9-21:20
	android:screenOrientation
		ADDED from src\main\AndroidManifest.xml:17:13-49
	android:name
		ADDED from src\main\AndroidManifest.xml:16:13-41
intent-filter#action:name:android.intent.action.MAIN
ADDED from src\main\AndroidManifest.xml:18:13-20:29
action#android.intent.action.MAIN
ADDED from src\main\AndroidManifest.xml:19:17-69
	android:name
		ADDED from src\main\AndroidManifest.xml:19:25-66
activity#com.pontianak.ayampakusu.DaftarActivity
ADDED from src\main\AndroidManifest.xml:22:9-24:52
	android:screenOrientation
		ADDED from src\main\AndroidManifest.xml:24:13-49
	android:name
		ADDED from src\main\AndroidManifest.xml:23:13-43
activity#com.pontianak.ayampakusu.LoadingActivity
ADDED from src\main\AndroidManifest.xml:25:9-31:20
	android:name
		ADDED from src\main\AndroidManifest.xml:25:19-50
intent-filter#action:name:android.intent.action.MAIN+category:name:android.intent.category.LAUNCHER
ADDED from src\main\AndroidManifest.xml:26:13-30:29
category#android.intent.category.LAUNCHER
ADDED from src\main\AndroidManifest.xml:29:17-77
	android:name
		ADDED from src\main\AndroidManifest.xml:29:27-74
activity#com.pontianak.ayampakusu.SlideLoginActivity
ADDED from src\main\AndroidManifest.xml:32:9-56
	android:name
		ADDED from src\main\AndroidManifest.xml:32:19-53
activity#com.pontianak.ayampakusu.QrCodeActivity
ADDED from src\main\AndroidManifest.xml:35:9-37:52
	android:screenOrientation
		ADDED from src\main\AndroidManifest.xml:37:13-49
	android:name
		ADDED from src\main\AndroidManifest.xml:36:13-43
activity#com.pontianak.ayampakusu.LoginActivity
ADDED from src\main\AndroidManifest.xml:38:9-40:52
	android:screenOrientation
		ADDED from src\main\AndroidManifest.xml:40:13-49
	android:name
		ADDED from src\main\AndroidManifest.xml:39:13-42
activity#com.pontianak.ayampakusu.MoreActivity
ADDED from src\main\AndroidManifest.xml:42:9-44:52
	android:screenOrientation
		ADDED from src\main\AndroidManifest.xml:44:13-49
	android:name
		ADDED from src\main\AndroidManifest.xml:43:13-41
activity#com.pontianak.ayampakusu.VoucherActivity
ADDED from src\main\AndroidManifest.xml:46:9-48:52
	android:screenOrientation
		ADDED from src\main\AndroidManifest.xml:48:13-49
	android:name
		ADDED from src\main\AndroidManifest.xml:47:13-44
activity#com.pontianak.ayampakusu.DetailVoucherActivity
ADDED from src\main\AndroidManifest.xml:49:9-51:52
	android:screenOrientation
		ADDED from src\main\AndroidManifest.xml:51:13-49
	android:name
		ADDED from src\main\AndroidManifest.xml:50:13-50
activity#com.pontianak.ayampakusu.WebActivity
ADDED from src\main\AndroidManifest.xml:52:9-54:52
	android:screenOrientation
		ADDED from src\main\AndroidManifest.xml:54:13-49
	android:name
		ADDED from src\main\AndroidManifest.xml:53:13-40
activity#com.pontianak.ayampakusu.QrCodePayActivity
ADDED from src\main\AndroidManifest.xml:55:9-57:52
	android:screenOrientation
		ADDED from src\main\AndroidManifest.xml:57:13-49
	android:name
		ADDED from src\main\AndroidManifest.xml:56:13-46
activity#com.pontianak.ayampakusu.MapsActivity
ADDED from src\main\AndroidManifest.xml:58:9-60:59
	android:label
		ADDED from src\main\AndroidManifest.xml:60:13-56
	android:name
		ADDED from src\main\AndroidManifest.xml:59:13-41
activity#com.pontianak.ayampakusu.SettingsActivity
ADDED from src\main\AndroidManifest.xml:62:9-64:63
	android:label
		ADDED from src\main\AndroidManifest.xml:64:13-60
	android:name
		ADDED from src\main\AndroidManifest.xml:63:13-45
activity#com.pontianak.ayampakusu.ProfilActivity
ADDED from src\main\AndroidManifest.xml:65:9-52
	android:name
		ADDED from src\main\AndroidManifest.xml:65:19-49
activity#com.pontianak.ayampakusu.DetailFood
ADDED from src\main\AndroidManifest.xml:74:9-48
	android:name
		ADDED from src\main\AndroidManifest.xml:74:19-45
activity#com.pontianak.ayampakusu.DetailUmkm
ADDED from src\main\AndroidManifest.xml:76:9-48
	android:name
		ADDED from src\main\AndroidManifest.xml:76:19-45
activity#com.pontianak.ayampakusu.SyaratKetentuanActivity
ADDED from src\main\AndroidManifest.xml:77:9-61
	android:name
		ADDED from src\main\AndroidManifest.xml:77:19-58
meta-data#preloaded_fonts
ADDED from src\main\AndroidManifest.xml:78:9-80:57
	android:resource
		ADDED from src\main\AndroidManifest.xml:80:13-54
	android:name
		ADDED from src\main\AndroidManifest.xml:79:13-43
meta-data#com.google.android.geo.API_KEY
ADDED from src\main\AndroidManifest.xml:81:9-83:55
	android:value
		ADDED from src\main\AndroidManifest.xml:83:13-52
	android:name
		ADDED from src\main\AndroidManifest.xml:82:13-58
service#com.pontianak.ayampakusu.myfirebase.firebase_message
ADDED from src\main\AndroidManifest.xml:84:9-90:19
	android:stopWithTask
		ADDED from src\main\AndroidManifest.xml:86:13-41
	android:name
		ADDED from src\main\AndroidManifest.xml:85:13-56
intent-filter#action:name:com.google.firebase.MESSAGING_EVENT
ADDED from src\main\AndroidManifest.xml:87:13-89:29
action#com.google.firebase.MESSAGING_EVENT
ADDED from src\main\AndroidManifest.xml:88:17-78
	android:name
		ADDED from src\main\AndroidManifest.xml:88:25-75
uses-permission#android.permission.CAMERA
ADDED from src\main\AndroidManifest.xml:93:5-65
	android:name
		ADDED from src\main\AndroidManifest.xml:93:22-62
uses-permission#android.permission.ACCESS_FINE_LOCATION
ADDED from src\main\AndroidManifest.xml:99:5-79
	android:name
		ADDED from src\main\AndroidManifest.xml:99:22-76
uses-permission#android.permission.INTERNET
ADDED from src\main\AndroidManifest.xml:101:5-67
MERGED from [com.google.android.gms:play-services-maps:17.0.0] AndroidManifest.xml:24:5-67
MERGED from [com.google.android.gms:play-services-maps:17.0.0] AndroidManifest.xml:24:5-67
MERGED from [com.google.android.gms:play-services-measurement-api:17.2.1] AndroidManifest.xml:22:5-67
MERGED from [com.google.android.gms:play-services-measurement-api:17.2.1] AndroidManifest.xml:22:5-67
MERGED from [com.google.firebase:firebase-iid:20.0.0] AndroidManifest.xml:23:5-67
MERGED from [com.google.firebase:firebase-iid:20.0.0] AndroidManifest.xml:23:5-67
MERGED from [com.google.android.gms:play-services-measurement:17.2.1] AndroidManifest.xml:23:5-67
MERGED from [com.google.android.gms:play-services-measurement:17.2.1] AndroidManifest.xml:23:5-67
MERGED from [com.google.android.gms:play-services-measurement-impl:17.2.1] AndroidManifest.xml:23:5-67
MERGED from [com.google.android.gms:play-services-measurement-impl:17.2.1] AndroidManifest.xml:23:5-67
MERGED from [com.google.android.gms:play-services-measurement-sdk-api:17.2.1] AndroidManifest.xml:23:5-67
MERGED from [com.google.android.gms:play-services-measurement-sdk-api:17.2.1] AndroidManifest.xml:23:5-67
	android:name
		ADDED from src\main\AndroidManifest.xml:101:22-64
uses-sdk
INJECTED from src\main\AndroidManifest.xml reason: use-sdk injection requested
INJECTED from src\main\AndroidManifest.xml
INJECTED from src\main\AndroidManifest.xml
MERGED from [com.google.android.material:material:1.0.0] AndroidManifest.xml:20:5-44
MERGED from [com.google.android.material:material:1.0.0] AndroidManifest.xml:20:5-44
MERGED from [androidx.appcompat:appcompat:1.0.2] AndroidManifest.xml:20:5-44
MERGED from [androidx.appcompat:appcompat:1.0.2] AndroidManifest.xml:20:5-44
MERGED from [androidx.constraintlayout:constraintlayout:1.1.3] AndroidManifest.xml:5:5-7:41
MERGED from [androidx.constraintlayout:constraintlayout:1.1.3] AndroidManifest.xml:5:5-7:41
MERGED from [com.google.firebase:firebase-core:17.2.1] AndroidManifest.xml:5:5-44
MERGED from [com.google.firebase:firebase-core:17.2.1] AndroidManifest.xml:5:5-44
MERGED from [com.google.firebase:firebase-auth:19.2.0] AndroidManifest.xml:21:5-44
MERGED from [com.google.firebase:firebase-auth:19.2.0] AndroidManifest.xml:21:5-44
MERGED from [com.google.android.gms:play-services-auth:17.0.0] AndroidManifest.xml:20:5-44
MERGED from [com.google.android.gms:play-services-auth:17.0.0] AndroidManifest.xml:20:5-44
MERGED from [com.google.android.gms:play-services-maps:17.0.0] AndroidManifest.xml:20:5-44
MERGED from [com.google.android.gms:play-services-maps:17.0.0] AndroidManifest.xml:20:5-44
MERGED from [com.github.bumptech.glide:volley-integration:4.9.0] AndroidManifest.xml:6:5-8:41
MERGED from [com.github.bumptech.glide:volley-integration:4.9.0] AndroidManifest.xml:6:5-8:41
MERGED from [com.android.volley:volley:1.1.1] AndroidManifest.xml:7:5-43
MERGED from [com.android.volley:volley:1.1.1] AndroidManifest.xml:7:5-43
MERGED from [com.github.bumptech.glide:glide:4.9.0] AndroidManifest.xml:6:5-8:41
MERGED from [com.github.bumptech.glide:glide:4.9.0] AndroidManifest.xml:6:5-8:41
MERGED from [com.google.firebase:firebase-ml-vision:24.0.1] AndroidManifest.xml:6:5-44
MERGED from [com.google.firebase:firebase-ml-vision:24.0.1] AndroidManifest.xml:6:5-44
MERGED from [com.google.firebase:firebase-messaging:20.0.0] AndroidManifest.xml:20:5-44
MERGED from [com.google.firebase:firebase-messaging:20.0.0] AndroidManifest.xml:20:5-44
MERGED from [androidx.cardview:cardview:1.0.0] AndroidManifest.xml:20:5-44
MERGED from [androidx.cardview:cardview:1.0.0] AndroidManifest.xml:20:5-44
MERGED from [androidx.recyclerview:recyclerview:1.1.0] AndroidManifest.xml:20:5-22:41
MERGED from [androidx.recyclerview:recyclerview:1.1.0] AndroidManifest.xml:20:5-22:41
MERGED from [androidmads.library.qrgenearator:QRGenearator:1.0.3] AndroidManifest.xml:7:5-9:41
MERGED from [androidmads.library.qrgenearator:QRGenearator:1.0.3] AndroidManifest.xml:7:5-9:41
MERGED from [com.google.firebase:firebase-auth-interop:19.0.0] AndroidManifest.xml:5:5-44
MERGED from [com.google.firebase:firebase-auth-interop:19.0.0] AndroidManifest.xml:5:5-44
MERGED from [com.google.android.gms:play-services-auth-api-phone:17.0.0] AndroidManifest.xml:5:5-44
MERGED from [com.google.android.gms:play-services-auth-api-phone:17.0.0] AndroidManifest.xml:5:5-44
MERGED from [com.google.android.gms:play-services-auth-base:17.0.0] AndroidManifest.xml:5:5-44
MERGED from [com.google.android.gms:play-services-auth-base:17.0.0] AndroidManifest.xml:5:5-44
MERGED from [com.google.android.gms:play-services-vision:19.0.0] AndroidManifest.xml:5:5-44
MERGED from [com.google.android.gms:play-services-vision:19.0.0] AndroidManifest.xml:5:5-44
MERGED from [com.google.android.gms:play-services-vision-image-label:18.0.1] AndroidManifest.xml:5:5-44
MERGED from [com.google.android.gms:play-services-vision-image-label:18.0.1] AndroidManifest.xml:5:5-44
MERGED from [com.google.android.gms:play-services-vision-common:19.0.0] AndroidManifest.xml:5:5-44
MERGED from [com.google.android.gms:play-services-vision-common:19.0.0] AndroidManifest.xml:5:5-44
MERGED from [com.google.firebase:firebase-ml-common:22.0.1] AndroidManifest.xml:5:5-44
MERGED from [com.google.firebase:firebase-ml-common:22.0.1] AndroidManifest.xml:5:5-44
MERGED from [com.google.android.gms:play-services-clearcut:17.0.0] AndroidManifest.xml:20:5-44
MERGED from [com.google.android.gms:play-services-clearcut:17.0.0] AndroidManifest.xml:20:5-44
MERGED from [com.google.android.gms:play-services-flags:17.0.0] AndroidManifest.xml:20:5-44
MERGED from [com.google.android.gms:play-services-flags:17.0.0] AndroidManifest.xml:20:5-44
MERGED from [com.google.android.gms:play-services-phenotype:17.0.0] AndroidManifest.xml:20:5-44
MERGED from [com.google.android.gms:play-services-phenotype:17.0.0] AndroidManifest.xml:20:5-44
MERGED from [com.google.firebase:firebase-analytics:17.2.1] AndroidManifest.xml:5:5-44
MERGED from [com.google.firebase:firebase-analytics:17.2.1] AndroidManifest.xml:5:5-44
MERGED from [com.google.android.gms:play-services-measurement-api:17.2.1] AndroidManifest.xml:20:5-44
MERGED from [com.google.android.gms:play-services-measurement-api:17.2.1] AndroidManifest.xml:20:5-44
MERGED from [com.google.firebase:firebase-iid:20.0.0] AndroidManifest.xml:20:5-44
MERGED from [com.google.firebase:firebase-iid:20.0.0] AndroidManifest.xml:20:5-44
MERGED from [com.google.firebase:firebase-iid-interop:17.0.0] AndroidManifest.xml:5:5-44
MERGED from [com.google.firebase:firebase-iid-interop:17.0.0] AndroidManifest.xml:5:5-44
MERGED from [com.google.android.gms:play-services-base:17.1.0] AndroidManifest.xml:20:5-44
MERGED from [com.google.android.gms:play-services-base:17.1.0] AndroidManifest.xml:20:5-44
MERGED from [com.google.firebase:firebase-common:19.3.0] AndroidManifest.xml:20:5-22:41
MERGED from [com.google.firebase:firebase-common:19.3.0] AndroidManifest.xml:20:5-22:41
MERGED from [com.google.android.gms:play-services-tasks:17.0.0] AndroidManifest.xml:5:5-44
MERGED from [com.google.android.gms:play-services-tasks:17.0.0] AndroidManifest.xml:5:5-44
MERGED from [com.google.firebase:firebase-measurement-connector:18.0.0] AndroidManifest.xml:20:5-44
MERGED from [com.google.firebase:firebase-measurement-connector:18.0.0] AndroidManifest.xml:20:5-44
MERGED from [com.google.android.gms:play-services-measurement:17.2.1] AndroidManifest.xml:20:5-44
MERGED from [com.google.android.gms:play-services-measurement:17.2.1] AndroidManifest.xml:20:5-44
MERGED from [com.google.android.gms:play-services-measurement-sdk:17.2.1] AndroidManifest.xml:20:5-44
MERGED from [com.google.android.gms:play-services-measurement-sdk:17.2.1] AndroidManifest.xml:20:5-44
MERGED from [com.google.android.gms:play-services-measurement-impl:17.2.1] AndroidManifest.xml:20:5-44
MERGED from [com.google.android.gms:play-services-measurement-impl:17.2.1] AndroidManifest.xml:20:5-44
MERGED from [com.google.android.gms:play-services-stats:17.0.0] AndroidManifest.xml:5:5-44
MERGED from [com.google.android.gms:play-services-stats:17.0.0] AndroidManifest.xml:5:5-44
MERGED from [com.google.android.gms:play-services-measurement-sdk-api:17.2.1] AndroidManifest.xml:20:5-44
MERGED from [com.google.android.gms:play-services-measurement-sdk-api:17.2.1] AndroidManifest.xml:20:5-44
MERGED from [com.google.android.gms:play-services-measurement-base:17.2.1] AndroidManifest.xml:5:5-44
MERGED from [com.google.android.gms:play-services-measurement-base:17.2.1] AndroidManifest.xml:5:5-44
MERGED from [com.google.android.gms:play-services-ads-identifier:17.0.0] AndroidManifest.xml:20:5-44
MERGED from [com.google.android.gms:play-services-ads-identifier:17.0.0] AndroidManifest.xml:20:5-44
MERGED from [com.google.android.gms:play-services-basement:17.0.0] AndroidManifest.xml:20:5-44
MERGED from [com.google.android.gms:play-services-basement:17.0.0] AndroidManifest.xml:20:5-44
MERGED from [androidx.fragment:fragment:1.0.0] AndroidManifest.xml:20:5-44
MERGED from [androidx.fragment:fragment:1.0.0] AndroidManifest.xml:20:5-44
MERGED from [androidx.vectordrawable:vectordrawable-animated:1.0.0] AndroidManifest.xml:20:5-44